TN:
SF:src/index.ts
FN:7,<instance_members_initializer>
FN:14,DniGorahyan
FN:24,surfaceToCavernTime
FN:32,cavernToSurfaceTime
FN:42,simulateCatastrophicObjectFailure
FN:47,_runControlTests
FN:105,_handleUninitializedConstructorArtifact
FN:115,_calculateElapsedRuntimeOfControlTests
FNF:8
FNH:8
FNDA:35,<instance_members_initializer>
FNDA:35,DniGorahyan
FNDA:6,surfaceToCavernTime
FNDA:4,cavernToSurfaceTime
FNDA:1,simulateCatastrophicObjectFailure
FNDA:1,_runControlTests
FNDA:12,_handleUninitializedConstructorArtifact
FNDA:1,_calculateElapsedRuntimeOfControlTests
DA:1,1
DA:2,1
DA:3,1
DA:4,1
DA:5,1
DA:6,1
DA:7,1
DA:8,35
DA:9,35
DA:10,35
DA:11,35
DA:12,35
DA:13,35
DA:14,35
DA:15,35
DA:16,35
DA:17,35
DA:18,35
DA:19,35
DA:20,35
DA:21,35
DA:22,35
DA:23,35
DA:24,35
DA:25,6
DA:26,6
DA:27,6
DA:28,6
DA:29,6
DA:30,6
DA:31,35
DA:32,35
DA:33,4
DA:34,4
DA:35,4
DA:36,4
DA:37,4
DA:38,4
DA:39,4
DA:40,4
DA:41,35
DA:42,35
DA:43,1
DA:44,1
DA:45,35
DA:46,35
DA:47,35
DA:48,1
DA:49,1
DA:50,1
DA:51,1
DA:52,1
DA:53,1
DA:54,1
DA:55,1
DA:56,1
DA:57,1
DA:58,1
DA:59,1
DA:60,1
DA:61,1
DA:62,1
DA:63,1
DA:64,1
DA:65,1
DA:66,1
DA:67,1
DA:68,1
DA:69,1
DA:70,1
DA:71,1
DA:72,1
DA:73,1
DA:74,1
DA:75,1
DA:76,1
DA:77,1
DA:78,1
DA:79,1
DA:80,1
DA:81,1
DA:82,1
DA:83,1
DA:84,1
DA:85,1
DA:86,1
DA:87,1
DA:88,1
DA:89,1
DA:90,1
DA:91,1
DA:92,1
DA:93,1
DA:94,1
DA:95,1
DA:96,1
DA:97,1
DA:98,1
DA:99,1
DA:100,1
DA:101,1
DA:102,1
DA:103,1
DA:104,1
DA:105,35
DA:106,12
DA:107,12
DA:108,12
DA:109,12
DA:110,12
DA:111,12
DA:112,1
DA:113,1
DA:114,12
DA:115,35
DA:116,1
DA:117,1
DA:118,1
DA:119,1
DA:120,1
DA:121,1
DA:122,1
DA:123,1
DA:124,1
DA:125,1
DA:126,1
DA:127,1
DA:128,1
DA:129,1
DA:130,1
DA:131,35
LF:131
LH:131
BRDA:7,0,0,35
BRDA:14,1,0,35
BRDA:24,2,0,6
BRDA:32,3,0,4
BRDA:42,4,0,1
BRDA:47,5,0,1
BRDA:105,6,0,12
BRDA:108,7,0,11
BRDA:108,8,0,11
BRDA:108,9,0,11
BRDA:109,10,0,11
BRDA:111,11,0,1
BRDA:115,12,0,1
BRF:13
BRH:13
end_of_record
TN:
SF:src/constants/dni.date.constants.ts
FN:31,DniDateTimeConstants
FNF:1
FNH:1
FNDA:36,DniDateTimeConstants
DA:1,1
DA:2,1
DA:3,1
DA:4,1
DA:5,1
DA:6,1
DA:7,1
DA:8,1
DA:9,1
DA:10,1
DA:11,1
DA:12,1
DA:13,1
DA:14,1
DA:15,1
DA:16,1
DA:17,1
DA:18,1
DA:19,1
DA:20,1
DA:21,1
DA:22,1
DA:23,1
DA:24,1
DA:25,1
DA:26,1
DA:27,1
DA:28,1
DA:29,1
DA:30,1
DA:31,1
DA:32,36
DA:33,36
DA:34,36
DA:35,36
DA:36,36
DA:37,36
DA:38,36
DA:39,36
DA:40,36
DA:41,36
DA:42,36
DA:43,36
DA:44,36
DA:45,36
DA:46,36
DA:47,36
DA:48,36
DA:49,36
DA:50,36
DA:51,36
DA:52,36
DA:53,36
DA:54,36
DA:55,36
DA:56,36
DA:57,36
DA:58,36
DA:59,36
DA:60,36
DA:61,36
DA:62,36
DA:63,36
DA:64,36
DA:65,36
DA:66,36
DA:67,36
DA:68,36
DA:69,36
DA:70,36
DA:71,36
DA:72,36
DA:73,36
DA:74,36
DA:75,36
DA:76,36
DA:77,36
DA:78,36
DA:79,36
DA:80,36
DA:81,36
DA:82,36
DA:83,36
DA:84,36
DA:85,36
DA:86,36
DA:87,36
DA:88,36
DA:89,36
DA:90,36
DA:91,36
DA:92,36
DA:93,36
LF:93
LH:93
BRDA:31,0,0,36
BRF:1
BRH:1
end_of_record
TN:
SF:src/constants/dni.month.constants.ts
FN:27,addDniMonth
FNF:1
FNH:1
FNDA:30,addDniMonth
DA:1,1
DA:2,1
DA:3,1
DA:4,1
DA:5,1
DA:6,1
DA:7,1
DA:8,1
DA:9,1
DA:10,1
DA:11,1
DA:12,1
DA:13,1
DA:14,1
DA:15,1
DA:16,1
DA:17,1
DA:18,1
DA:19,1
DA:20,1
DA:21,1
DA:22,1
DA:23,1
DA:24,1
DA:25,1
DA:26,1
DA:27,30
DA:28,30
DA:29,30
DA:30,30
DA:31,30
DA:32,30
DA:33,30
DA:34,30
DA:35,30
DA:36,30
DA:37,30
DA:38,30
DA:39,30
DA:40,30
DA:41,30
DA:42,30
DA:43,30
DA:44,1
DA:45,1
DA:46,1
DA:47,1
DA:48,1
DA:49,1
DA:50,1
DA:51,1
DA:52,1
DA:53,1
DA:54,1
DA:55,1
DA:56,1
DA:57,1
DA:58,1
LF:58
LH:58
BRDA:27,0,0,30
BRF:1
BRH:1
end_of_record
TN:
SF:src/constants/earth.month.constants.ts
FN:10,addEarthMonth
FNF:1
FNH:1
FNDA:12,addEarthMonth
DA:1,1
DA:2,1
DA:3,1
DA:4,1
DA:5,1
DA:6,1
DA:7,1
DA:8,1
DA:9,1
DA:10,12
DA:11,12
DA:12,12
DA:13,12
DA:14,12
DA:15,12
DA:16,12
DA:17,12
DA:18,12
DA:19,12
DA:20,12
DA:21,12
DA:22,12
DA:23,12
DA:24,12
DA:25,1
DA:26,1
DA:27,1
DA:28,1
DA:29,1
DA:30,1
DA:31,1
DA:32,1
DA:33,1
DA:34,1
DA:35,1
DA:36,1
DA:37,1
DA:38,1
DA:39,1
DA:40,1
DA:41,1
LF:41
LH:41
BRDA:10,0,0,12
BRF:1
BRH:1
end_of_record
TN:
SF:src/lib/cavern.converter.lib.ts
FN:8,_getVaileeId
FN:19,CavernConverterLib
FN:20,setCavernTimeArtifactsByString
FN:51,_toCavernDateTimeString
FN:59,_convertCavernTimestampToSurface
FNF:5
FNH:5
FNDA:6,_getVaileeId
FNDA:6,CavernConverterLib
FNDA:4,setCavernTimeArtifactsByString
FNDA:4,_toCavernDateTimeString
FNDA:4,_convertCavernTimestampToSurface
DA:1,1
DA:2,1
DA:3,1
DA:4,1
DA:5,1
DA:6,1
DA:7,1
DA:8,1
DA:9,6
DA:10,6
DA:11,6
DA:12,6
DA:13,6
DA:14,1
DA:15,1
DA:16,5
DA:17,5
DA:18,1
DA:19,1
DA:20,6
DA:21,4
DA:22,4
DA:23,4
DA:24,4
DA:25,4
DA:26,4
DA:27,4
DA:28,4
DA:29,4
DA:30,4
DA:31,4
DA:32,4
DA:33,4
DA:34,4
DA:35,4
DA:36,4
DA:37,4
DA:38,4
DA:39,4
DA:40,4
DA:41,4
DA:42,4
DA:43,4
DA:44,4
DA:45,4
DA:46,4
DA:47,4
DA:48,4
DA:49,4
DA:50,4
DA:51,6
DA:52,4
DA:53,4
DA:54,4
DA:55,4
DA:56,4
DA:57,4
DA:58,6
DA:59,6
DA:60,4
DA:61,4
DA:62,4
DA:63,4
DA:64,4
DA:65,4
DA:66,4
DA:67,4
DA:68,4
DA:69,4
DA:70,4
DA:71,4
DA:72,4
DA:73,4
DA:74,4
DA:75,4
DA:76,4
DA:77,4
DA:78,4
DA:79,4
DA:80,4
DA:81,4
DA:82,4
DA:83,4
DA:84,3
DA:85,3
DA:86,3
DA:87,4
DA:88,1
DA:89,1
DA:90,1
DA:91,1
DA:92,4
DA:93,4
DA:94,4
DA:95,4
DA:96,4
DA:97,4
DA:98,4
DA:99,4
DA:100,4
DA:101,4
DA:102,4
DA:103,4
DA:104,4
DA:105,4
DA:106,4
DA:107,4
DA:108,4
DA:109,4
DA:110,4
DA:111,4
DA:112,6
DA:113,6
DA:114,6
DA:115,6
LF:115
LH:115
BRDA:8,0,0,6
BRDA:13,1,0,5
BRDA:13,2,0,1
BRDA:11,3,0,60
BRDA:19,4,0,6
BRDA:20,5,0,4
BRDA:23,6,0,1
BRDA:23,7,0,3
BRDA:51,8,0,4
BRDA:59,9,0,4
BRDA:83,10,0,3
BRDA:87,11,0,1
BRF:12
BRH:12
end_of_record
TN:
SF:src/lib/gorahyan.init.lib.ts
FN:8,GorahyanInitLib
FN:105,setConvergenceTimeArtifacts
FNF:2
FNH:2
FNDA:36,GorahyanInitLib
FNDA:35,setConvergenceTimeArtifacts
DA:1,1
DA:2,1
DA:3,1
DA:4,1
DA:5,1
DA:6,1
DA:7,1
DA:8,1
DA:9,36
DA:10,36
DA:11,36
DA:12,36
DA:13,36
DA:14,36
DA:15,36
DA:16,36
DA:17,36
DA:18,36
DA:19,36
DA:20,36
DA:21,36
DA:22,36
DA:23,36
DA:24,36
DA:25,36
DA:26,36
DA:27,36
DA:28,36
DA:29,36
DA:30,36
DA:31,36
DA:32,36
DA:33,36
DA:34,36
DA:35,36
DA:36,36
DA:37,36
DA:38,36
DA:39,36
DA:40,36
DA:41,36
DA:42,36
DA:43,36
DA:44,36
DA:45,36
DA:46,36
DA:47,36
DA:48,36
DA:49,36
DA:50,36
DA:51,36
DA:52,36
DA:53,36
DA:54,36
DA:55,36
DA:56,36
DA:57,36
DA:58,36
DA:59,36
DA:60,36
DA:61,36
DA:62,36
DA:63,36
DA:64,36
DA:65,36
DA:66,36
DA:67,36
DA:68,36
DA:69,36
DA:70,36
DA:71,36
DA:72,36
DA:73,36
DA:74,36
DA:75,36
DA:76,36
DA:77,36
DA:78,36
DA:79,36
DA:80,36
DA:81,36
DA:82,36
DA:83,36
DA:84,36
DA:85,36
DA:86,36
DA:87,36
DA:88,36
DA:89,36
DA:90,36
DA:91,36
DA:92,36
DA:93,36
DA:94,36
DA:95,36
DA:96,36
DA:97,36
DA:98,36
DA:99,36
DA:100,36
DA:101,36
DA:102,36
DA:103,36
DA:104,1
DA:105,1
DA:106,35
DA:107,35
DA:108,35
DA:109,35
DA:110,35
DA:111,35
DA:112,35
DA:113,35
DA:114,35
DA:115,35
DA:116,35
LF:116
LH:116
BRDA:8,0,0,36
BRDA:105,1,0,35
BRF:2
BRH:2
end_of_record
TN:
SF:src/lib/leap.second.lib.ts
FN:17,attachLeapSecondData
FN:51,adjustForLeapSeconds
FN:72,deAdjustForLeapSeconds
FNF:3
FNH:3
FNDA:36,attachLeapSecondData
FNDA:54,adjustForLeapSeconds
FNDA:4,deAdjustForLeapSeconds
DA:1,1
DA:2,1
DA:3,1
DA:4,1
DA:5,1
DA:6,1
DA:7,1
DA:8,1
DA:9,1
DA:10,1
DA:11,1
DA:12,1
DA:13,1
DA:14,1
DA:15,1
DA:16,1
DA:17,1
DA:18,36
DA:19,36
DA:20,36
DA:21,36
DA:22,36
DA:23,36
DA:24,36
DA:25,36
DA:26,36
DA:27,36
DA:28,3
DA:29,84
DA:30,84
DA:31,84
DA:32,84
DA:33,84
DA:34,84
DA:35,84
DA:36,84
DA:37,84
DA:38,84
DA:39,84
DA:40,84
DA:41,3
DA:42,36
DA:43,36
DA:44,36
DA:45,1
DA:46,1
DA:47,1
DA:48,1
DA:49,1
DA:50,1
DA:51,1
DA:52,54
DA:53,54
DA:54,54
DA:55,54
DA:56,54
DA:57,54
DA:58,54
DA:59,54
DA:60,1050
DA:61,1050
DA:62,54
DA:63,54
DA:64,54
DA:65,54
DA:66,54
DA:67,54
DA:68,54
DA:69,54
DA:70,54
DA:71,1
DA:72,1
DA:73,4
DA:74,4
DA:75,4
DA:76,4
DA:77,4
DA:78,4
DA:79,4
DA:80,4
DA:81,4
DA:82,62
DA:83,62
DA:84,4
DA:85,4
DA:86,4
DA:87,4
DA:88,4
DA:89,4
DA:90,4
DA:91,4
DA:92,4
LF:92
LH:92
BRDA:17,0,0,36
BRDA:27,1,0,3
BRDA:28,2,0,84
BRDA:51,3,0,54
BRDA:59,4,0,1092
BRDA:59,5,0,1050
BRDA:72,6,0,4
BRDA:81,7,0,65
BRDA:81,8,0,62
BRDA:85,9,0,3
BRF:10
BRH:10
end_of_record
TN:
SF:src/lib/surface.converter.lib.ts
FN:9,setSurfaceTimeArtifactsByString
FN:46,SurfaceConverterLib
FN:49,_setSurfaceTimeArtifactsByDateObject
FN:58,_convertSurfaceTimestampToCavern
FN:200,shiftDelta
FN:210,setCalculatedValue
FN:222,adjustCalculatedTimes
FN:232,_subAdjustment
FN:256,adjustTimeValue
FN:320,finalCalendarAdjustments
FN:337,_getDniConvertedTimestamp
FN:364,_setVaileeArtifacts
FN:377,_mapVaileeName
FNF:13
FNH:13
FNDA:38,setSurfaceTimeArtifactsByString
FNDA:23,SurfaceConverterLib
FNDA:16,_setSurfaceTimeArtifactsByDateObject
FNDA:19,_convertSurfaceTimestampToCavern
FNDA:114,shiftDelta
FNDA:133,setCalculatedValue
FNDA:19,adjustCalculatedTimes
FNDA:12,_subAdjustment
FNDA:120,adjustTimeValue
FNDA:19,finalCalendarAdjustments
FNDA:21,_getDniConvertedTimestamp
FNDA:20,_setVaileeArtifacts
FNDA:21,_mapVaileeName
DA:1,1
DA:2,1
DA:3,1
DA:4,1
DA:5,1
DA:6,1
DA:7,1
DA:8,1
DA:9,1
DA:10,38
DA:11,38
DA:12,38
DA:13,38
DA:14,38
DA:15,38
DA:16,38
DA:17,38
DA:18,38
DA:19,38
DA:20,38
DA:21,38
DA:22,38
DA:23,38
DA:24,38
DA:25,38
DA:26,38
DA:27,38
DA:28,38
DA:29,38
DA:30,38
DA:31,38
DA:32,38
DA:33,38
DA:34,38
DA:35,38
DA:36,38
DA:37,38
DA:38,38
DA:39,38
DA:40,38
DA:41,38
DA:42,38
DA:43,38
DA:44,38
DA:45,1
DA:46,1
DA:47,23
DA:48,23
DA:49,23
DA:50,16
DA:51,16
DA:52,16
DA:53,16
DA:54,16
DA:55,16
DA:56,16
DA:57,16
DA:58,23
DA:59,19
DA:60,19
DA:61,19
DA:62,19
DA:63,19
DA:64,19
DA:65,3
DA:66,3
DA:67,3
DA:68,3
DA:69,3
DA:70,3
DA:71,19
DA:72,3
DA:73,3
DA:74,3
DA:75,3
DA:76,3
DA:77,3
DA:78,14
DA:79,13
DA:80,13
DA:81,13
DA:82,13
DA:83,13
DA:84,13
DA:85,13
DA:86,19
DA:87,19
DA:88,19
DA:89,19
DA:90,19
DA:91,19
DA:92,19
DA:93,19
DA:94,19
DA:95,19
DA:96,19
DA:97,19
DA:98,19
DA:99,19
DA:100,19
DA:101,19
DA:102,19
DA:103,19
DA:104,19
DA:105,19
DA:106,19
DA:107,19
DA:108,19
DA:109,19
DA:110,19
DA:111,19
DA:112,19
DA:113,19
DA:114,19
DA:115,19
DA:116,19
DA:117,19
DA:118,19
DA:119,19
DA:120,19
DA:121,19
DA:122,19
DA:123,19
DA:124,19
DA:125,19
DA:126,19
DA:127,19
DA:128,19
DA:129,19
DA:130,19
DA:131,19
DA:132,19
DA:133,19
DA:134,19
DA:135,19
DA:136,19
DA:137,19
DA:138,19
DA:139,19
DA:140,19
DA:141,19
DA:142,19
DA:143,19
DA:144,19
DA:145,19
DA:146,19
DA:147,19
DA:148,19
DA:149,19
DA:150,19
DA:151,19
DA:152,19
DA:153,19
DA:154,19
DA:155,19
DA:156,19
DA:157,19
DA:158,19
DA:159,19
DA:160,19
DA:161,19
DA:162,19
DA:163,19
DA:164,19
DA:165,19
DA:166,19
DA:167,19
DA:168,19
DA:169,19
DA:170,19
DA:171,19
DA:172,19
DA:173,19
DA:174,19
DA:175,19
DA:176,19
DA:177,19
DA:178,19
DA:179,19
DA:180,19
DA:181,19
DA:182,19
DA:183,19
DA:184,19
DA:185,19
DA:186,19
DA:187,19
DA:188,19
DA:189,19
DA:190,19
DA:191,19
DA:192,19
DA:193,19
DA:194,19
DA:195,19
DA:196,19
DA:197,19
DA:198,19
DA:199,23
DA:200,23
DA:201,114
DA:202,114
DA:203,114
DA:204,114
DA:205,114
DA:206,114
DA:207,114
DA:208,114
DA:209,23
DA:210,23
DA:211,133
DA:212,19
DA:213,19
DA:214,133
DA:215,114
DA:216,114
DA:217,114
DA:218,114
DA:219,114
DA:220,133
DA:221,23
DA:222,23
DA:223,19
DA:224,19
DA:225,19
DA:226,19
DA:227,19
DA:228,19
DA:229,19
DA:230,19
DA:231,19
DA:232,23
DA:233,12
DA:234,12
DA:235,7
DA:236,12
DA:237,5
DA:238,5
DA:239,12
DA:240,12
DA:241,2
DA:242,2
DA:243,2
DA:244,2
DA:245,12
DA:246,10
DA:247,10
DA:248,10
DA:249,10
DA:250,10
DA:251,10
DA:252,10
DA:253,10
DA:254,10
DA:255,12
DA:256,23
DA:257,120
DA:258,120
DA:259,120
DA:260,120
DA:261,120
DA:262,120
DA:263,120
DA:264,120
DA:265,125
DA:266,125
DA:267,125
DA:268,120
DA:269,124
DA:270,124
DA:271,120
DA:272,6
DA:273,6
DA:274,5
DA:275,6
DA:276,6
DA:277,6
DA:278,6
DA:279,6
DA:280,2
DA:281,6
DA:282,4
DA:283,4
DA:284,6
DA:285,6
DA:286,1
DA:287,1
DA:288,1
DA:289,1
DA:290,6
DA:291,5
DA:292,5
DA:293,5
DA:294,5
DA:295,5
DA:296,6
DA:297,6
DA:298,6
DA:299,6
DA:300,1
DA:301,1
DA:302,6
DA:303,1
DA:304,1
DA:305,6
DA:306,1
DA:307,1
DA:308,6
DA:309,1
DA:310,1
DA:311,6
DA:312,1
DA:313,1
DA:314,6
DA:315,1
DA:316,1
DA:317,6
DA:318,6
DA:319,120
DA:320,23
DA:321,19
DA:322,19
DA:323,19
DA:324,19
DA:325,19
DA:326,19
DA:327,19
DA:328,19
DA:329,19
DA:330,19
DA:331,19
DA:332,19
DA:333,19
DA:334,19
DA:335,19
DA:336,23
DA:337,23
DA:338,21
DA:339,21
DA:340,21
DA:341,21
DA:342,21
DA:343,21
DA:344,21
DA:345,21
DA:346,21
DA:347,21
DA:348,21
DA:349,21
DA:350,21
DA:351,21
DA:352,1
DA:353,1
DA:354,21
DA:355,20
DA:356,20
DA:357,20
DA:358,21
DA:359,21
DA:360,21
DA:361,21
DA:362,23
DA:363,23
DA:364,23
DA:365,20
DA:366,20
DA:367,20
DA:368,20
DA:369,20
DA:370,20
DA:371,20
DA:372,20
DA:373,20
DA:374,20
DA:375,20
DA:376,23
DA:377,23
DA:378,21
DA:379,21
DA:380,21
DA:381,21
DA:382,21
DA:383,21
DA:384,1
DA:385,1
DA:386,21
DA:387,23
DA:388,23
DA:389,23
DA:390,23
DA:391,23
DA:392,23
DA:393,23
DA:394,23
DA:395,23
DA:396,23
DA:397,23
LF:397
LH:397
BRDA:9,0,0,38
BRDA:46,1,0,23
BRDA:49,2,0,16
BRDA:58,3,0,19
BRDA:62,4,0,7
BRDA:64,5,0,3
BRDA:71,6,0,16
BRDA:71,7,0,4
BRDA:71,8,0,14
BRDA:71,9,0,3
BRDA:78,10,0,13
BRDA:80,11,0,1
BRDA:80,12,0,12
BRDA:200,13,0,114
BRDA:210,14,0,133
BRDA:211,15,0,19
BRDA:214,16,0,114
BRDA:222,17,0,19
BRDA:232,18,0,12
BRDA:234,19,0,7
BRDA:236,20,0,5
BRDA:240,21,0,2
BRDA:245,22,0,10
BRDA:256,23,0,120
BRDA:264,24,0,21
BRDA:264,25,0,125
BRDA:265,26,0,20
BRDA:266,27,0,125
BRDA:268,28,0,105
BRDA:268,29,0,124
BRDA:270,30,0,104
BRDA:271,31,0,6
BRDA:272,32,0,1
BRDA:273,33,0,5
BRDA:279,34,0,2
BRDA:281,35,0,4
BRDA:285,36,0,1
BRDA:290,37,0,5
BRDA:299,38,0,1
BRDA:302,39,0,1
BRDA:305,40,0,1
BRDA:308,41,0,1
BRDA:311,42,0,1
BRDA:314,43,0,1
BRDA:320,44,0,19
BRDA:337,45,0,21
BRDA:351,46,0,1
BRDA:354,47,0,20
BRDA:364,48,0,20
BRDA:377,49,0,21
BRDA:383,50,0,1
BRF:51
BRH:51
end_of_record
TN:
SF:src/lib/utils.lib.ts
FN:1,UtilsLib
FN:2,_safeStringOperation
FN:9,_safeDateOperation
FN:16,_padValue
FNF:4
FNH:4
FNDA:39,UtilsLib
FNDA:6,_safeStringOperation
FNDA:6,_safeDateOperation
FNDA:76,_padValue
DA:1,1
DA:2,39
DA:3,6
DA:4,4
DA:5,4
DA:6,2
DA:7,2
DA:8,6
DA:9,39
DA:10,6
DA:11,4
DA:12,4
DA:13,2
DA:14,2
DA:15,6
DA:16,39
DA:17,76
DA:18,76
DA:19,76
DA:20,76
DA:21,39
DA:22,39
DA:23,39
DA:24,39
DA:25,39
DA:26,39
DA:27,39
LF:27
LH:27
BRDA:1,0,0,39
BRDA:2,1,0,6
BRDA:3,2,0,4
BRDA:5,3,0,2
BRDA:9,4,0,6
BRDA:10,5,0,4
BRDA:12,6,0,2
BRDA:16,7,0,76
BRDA:18,8,0,42
BRF:9
BRH:9
end_of_record
