TN:
SF:src/index.ts
FN:7,<instance_members_initializer>
FN:12,DniGorahyan
FN:20,surfaceToCavernTime
FN:28,cavernToSurfaceTime
FN:38,simulateCatastrophicObjectFailure
FN:43,_runControlTests
FN:80,_handleUninitializedConstructorArtifact
FN:90,_calculateElapsedRuntimeOfControlTests
FNF:8
FNH:8
FNDA:32,<instance_members_initializer>
FNDA:32,DniGorahyan
FNDA:6,surfaceToCavernTime
FNDA:1,cavernToSurfaceTime
FNDA:1,simulateCatastrophicObjectFailure
FNDA:1,_runControlTests
FNDA:9,_handleUninitializedConstructorArtifact
FNDA:1,_calculateElapsedRuntimeOfControlTests
DA:1,1
DA:2,1
DA:3,1
DA:4,1
DA:5,1
DA:6,1
DA:7,1
DA:8,32
DA:9,32
DA:10,32
DA:11,32
DA:12,32
DA:13,32
DA:14,32
DA:15,32
DA:16,32
DA:17,32
DA:18,32
DA:19,32
DA:20,32
DA:21,6
DA:22,6
DA:23,6
DA:24,6
DA:25,6
DA:26,6
DA:27,32
DA:28,32
DA:29,1
DA:30,1
DA:31,1
DA:32,1
DA:33,1
DA:34,1
DA:35,1
DA:36,1
DA:37,32
DA:38,32
DA:39,1
DA:40,1
DA:41,32
DA:42,32
DA:43,32
DA:44,1
DA:45,1
DA:46,1
DA:47,1
DA:48,1
DA:49,1
DA:50,1
DA:51,1
DA:52,1
DA:53,1
DA:54,1
DA:55,1
DA:56,1
DA:57,1
DA:58,1
DA:59,1
DA:60,1
DA:61,1
DA:62,1
DA:63,1
DA:64,1
DA:65,1
DA:66,1
DA:67,1
DA:68,1
DA:69,1
DA:70,1
DA:71,1
DA:72,1
DA:73,1
DA:74,1
DA:75,1
DA:76,1
DA:77,1
DA:78,1
DA:79,1
DA:80,32
DA:81,9
DA:82,9
DA:83,9
DA:84,9
DA:85,9
DA:86,9
DA:87,1
DA:88,1
DA:89,9
DA:90,32
DA:91,1
DA:92,1
DA:93,1
DA:94,1
DA:95,1
DA:96,1
DA:97,1
DA:98,1
DA:99,1
DA:100,1
DA:101,1
DA:102,1
DA:103,1
DA:104,1
DA:105,1
DA:106,32
LF:106
LH:106
BRDA:7,0,0,32
BRDA:12,1,0,32
BRDA:20,2,0,6
BRDA:28,3,0,1
BRDA:38,4,0,1
BRDA:43,5,0,1
BRDA:80,6,0,9
BRDA:83,7,0,8
BRDA:83,8,0,8
BRDA:83,9,0,8
BRDA:84,10,0,8
BRDA:86,11,0,1
BRDA:90,12,0,1
BRF:13
BRH:13
end_of_record
TN:
SF:src/constants/dni.date.constants.ts
FN:31,DniDateTimeConstants
FNF:1
FNH:1
FNDA:34,DniDateTimeConstants
DA:1,1
DA:2,1
DA:3,1
DA:4,1
DA:5,1
DA:6,1
DA:7,1
DA:8,1
DA:9,1
DA:10,1
DA:11,1
DA:12,1
DA:13,1
DA:14,1
DA:15,1
DA:16,1
DA:17,1
DA:18,1
DA:19,1
DA:20,1
DA:21,1
DA:22,1
DA:23,1
DA:24,1
DA:25,1
DA:26,1
DA:27,1
DA:28,1
DA:29,1
DA:30,1
DA:31,1
DA:32,34
DA:33,34
DA:34,34
DA:35,34
DA:36,34
DA:37,34
DA:38,34
DA:39,34
DA:40,34
DA:41,34
DA:42,34
DA:43,34
DA:44,34
DA:45,34
DA:46,34
DA:47,34
DA:48,34
DA:49,34
DA:50,34
DA:51,34
DA:52,34
DA:53,34
DA:54,34
DA:55,34
DA:56,34
DA:57,34
DA:58,34
DA:59,34
DA:60,34
DA:61,34
DA:62,34
DA:63,34
DA:64,34
DA:65,34
DA:66,34
DA:67,34
DA:68,34
DA:69,34
DA:70,34
DA:71,34
DA:72,34
DA:73,34
DA:74,34
DA:75,34
DA:76,34
DA:77,34
DA:78,34
DA:79,34
DA:80,34
DA:81,34
DA:82,34
DA:83,34
DA:84,34
DA:85,34
DA:86,34
DA:87,34
DA:88,34
DA:89,34
DA:90,34
DA:91,34
DA:92,34
DA:93,34
LF:93
LH:93
BRDA:31,0,0,34
BRF:1
BRH:1
end_of_record
TN:
SF:src/constants/dni.month.constants.ts
FN:27,addDniMonth
FNF:1
FNH:1
FNDA:30,addDniMonth
DA:1,1
DA:2,1
DA:3,1
DA:4,1
DA:5,1
DA:6,1
DA:7,1
DA:8,1
DA:9,1
DA:10,1
DA:11,1
DA:12,1
DA:13,1
DA:14,1
DA:15,1
DA:16,1
DA:17,1
DA:18,1
DA:19,1
DA:20,1
DA:21,1
DA:22,1
DA:23,1
DA:24,1
DA:25,1
DA:26,1
DA:27,30
DA:28,30
DA:29,30
DA:30,30
DA:31,30
DA:32,30
DA:33,30
DA:34,30
DA:35,30
DA:36,30
DA:37,30
DA:38,30
DA:39,30
DA:40,30
DA:41,30
DA:42,30
DA:43,30
DA:44,1
DA:45,1
DA:46,1
DA:47,1
DA:48,1
DA:49,1
DA:50,1
DA:51,1
DA:52,1
DA:53,1
DA:54,1
DA:55,1
DA:56,1
DA:57,1
DA:58,1
LF:58
LH:58
BRDA:27,0,0,30
BRF:1
BRH:1
end_of_record
TN:
SF:src/constants/earth.month.constants.ts
FN:10,addEarthMonth
FNF:1
FNH:1
FNDA:12,addEarthMonth
DA:1,1
DA:2,1
DA:3,1
DA:4,1
DA:5,1
DA:6,1
DA:7,1
DA:8,1
DA:9,1
DA:10,12
DA:11,12
DA:12,12
DA:13,12
DA:14,12
DA:15,12
DA:16,12
DA:17,12
DA:18,12
DA:19,12
DA:20,12
DA:21,12
DA:22,12
DA:23,12
DA:24,12
DA:25,1
DA:26,1
DA:27,1
DA:28,1
DA:29,1
DA:30,1
DA:31,1
DA:32,1
DA:33,1
DA:34,1
DA:35,1
DA:36,1
DA:37,1
DA:38,1
DA:39,1
DA:40,1
DA:41,1
LF:41
LH:41
BRDA:10,0,0,12
BRF:1
BRH:1
end_of_record
TN:
SF:src/lib/cavern.converter.lib.ts
FN:5,CavernConverterLib
FN:7,convertCavernTimestampToSurface
FNF:2
FNH:2
FNDA:1,CavernConverterLib
FNDA:1,convertCavernTimestampToSurface
DA:1,1
DA:2,1
DA:3,1
DA:4,1
DA:5,1
DA:6,1
DA:7,1
DA:8,1
DA:9,1
DA:10,1
DA:11,1
LF:11
LH:11
BRDA:5,0,0,1
BRDA:7,1,0,1
BRF:2
BRH:2
end_of_record
TN:
SF:src/lib/gorahyan.init.lib.ts
FN:8,GorahyanInitLib
FN:107,setConvergenceTimeArtifacts
FNF:2
FNH:2
FNDA:34,GorahyanInitLib
FNDA:32,setConvergenceTimeArtifacts
DA:1,1
DA:2,1
DA:3,1
DA:4,1
DA:5,1
DA:6,1
DA:7,1
DA:8,1
DA:9,34
DA:10,34
DA:11,34
DA:12,34
DA:13,34
DA:14,34
DA:15,34
DA:16,34
DA:17,34
DA:18,34
DA:19,34
DA:20,34
DA:21,34
DA:22,34
DA:23,34
DA:24,34
DA:25,34
DA:26,34
DA:27,34
DA:28,34
DA:29,34
DA:30,34
DA:31,34
DA:32,34
DA:33,34
DA:34,34
DA:35,34
DA:36,34
DA:37,34
DA:38,34
DA:39,34
DA:40,34
DA:41,34
DA:42,34
DA:43,34
DA:44,34
DA:45,34
DA:46,34
DA:47,34
DA:48,34
DA:49,34
DA:50,34
DA:51,34
DA:52,34
DA:53,34
DA:54,34
DA:55,34
DA:56,34
DA:57,34
DA:58,34
DA:59,34
DA:60,34
DA:61,34
DA:62,34
DA:63,34
DA:64,34
DA:65,34
DA:66,34
DA:67,34
DA:68,34
DA:69,34
DA:70,34
DA:71,34
DA:72,34
DA:73,34
DA:74,34
DA:75,34
DA:76,34
DA:77,34
DA:78,34
DA:79,34
DA:80,34
DA:81,34
DA:82,34
DA:83,34
DA:84,34
DA:85,34
DA:86,34
DA:87,34
DA:88,34
DA:89,34
DA:90,34
DA:91,34
DA:92,34
DA:93,34
DA:94,34
DA:95,34
DA:96,34
DA:97,34
DA:98,34
DA:99,34
DA:100,34
DA:101,34
DA:102,34
DA:103,34
DA:104,34
DA:105,34
DA:106,1
DA:107,1
DA:108,32
DA:109,32
DA:110,32
DA:111,32
DA:112,32
DA:113,32
DA:114,32
DA:115,32
DA:116,32
DA:117,32
DA:118,32
LF:118
LH:118
BRDA:8,0,0,34
BRDA:18,1,0,1
BRDA:18,2,0,33
BRDA:107,3,0,32
BRF:4
BRH:4
end_of_record
TN:
SF:src/lib/leap.second.lib.ts
FN:17,attachLeapSecondData
FN:51,adjustForLeapSeconds
FNF:2
FNH:2
FNDA:34,attachLeapSecondData
FNDA:51,adjustForLeapSeconds
DA:1,1
DA:2,1
DA:3,1
DA:4,1
DA:5,1
DA:6,1
DA:7,1
DA:8,1
DA:9,1
DA:10,1
DA:11,1
DA:12,1
DA:13,1
DA:14,1
DA:15,1
DA:16,1
DA:17,1
DA:18,34
DA:19,34
DA:20,34
DA:21,34
DA:22,34
DA:23,34
DA:24,34
DA:25,34
DA:26,34
DA:27,34
DA:28,3
DA:29,84
DA:30,84
DA:31,84
DA:32,84
DA:33,84
DA:34,84
DA:35,84
DA:36,84
DA:37,84
DA:38,84
DA:39,84
DA:40,84
DA:41,3
DA:42,34
DA:43,34
DA:44,34
DA:45,1
DA:46,1
DA:47,1
DA:48,1
DA:49,1
DA:50,1
DA:51,1
DA:52,51
DA:53,51
DA:54,51
DA:55,51
DA:56,51
DA:57,51
DA:58,51
DA:59,51
DA:60,999
DA:61,999
DA:62,51
DA:63,51
DA:64,51
DA:65,51
DA:66,51
DA:67,51
DA:68,51
DA:69,51
DA:70,51
LF:70
LH:70
BRDA:17,0,0,34
BRDA:27,1,0,3
BRDA:28,2,0,84
BRDA:51,3,0,51
BRDA:59,4,0,1038
BRDA:59,5,0,999
BRF:6
BRH:6
end_of_record
TN:
SF:src/lib/surface.converter.lib.ts
FN:9,setSurfaceTimeArtifactsByString
FN:46,SurfaceConverterLib
FN:49,_setSurfaceTimeArtifactsByDateObject
FN:58,_convertSurfaceTimestampToCavern
FN:203,shiftDelta
FN:213,setCalculatedValue
FN:225,adjustCalculatedTimes
FN:235,_subAdjustment
FN:259,adjustTimeValue
FN:323,finalCalendarAdjustments
FN:340,_getDniConvertedTimestamp
FN:367,_setVaileeArtifacts
FN:380,_mapVaileeName
FNF:13
FNH:13
FNDA:35,setSurfaceTimeArtifactsByString
FNDA:23,SurfaceConverterLib
FNDA:16,_setSurfaceTimeArtifactsByDateObject
FNDA:19,_convertSurfaceTimestampToCavern
FNDA:114,shiftDelta
FNDA:133,setCalculatedValue
FNDA:19,adjustCalculatedTimes
FNDA:12,_subAdjustment
FNDA:120,adjustTimeValue
FNDA:19,finalCalendarAdjustments
FNDA:21,_getDniConvertedTimestamp
FNDA:20,_setVaileeArtifacts
FNDA:21,_mapVaileeName
DA:1,1
DA:2,1
DA:3,1
DA:4,1
DA:5,1
DA:6,1
DA:7,1
DA:8,1
DA:9,1
DA:10,35
DA:11,35
DA:12,35
DA:13,35
DA:14,35
DA:15,35
DA:16,35
DA:17,35
DA:18,35
DA:19,35
DA:20,35
DA:21,35
DA:22,35
DA:23,35
DA:24,35
DA:25,35
DA:26,35
DA:27,35
DA:28,35
DA:29,35
DA:30,35
DA:31,35
DA:32,35
DA:33,35
DA:34,35
DA:35,35
DA:36,35
DA:37,35
DA:38,35
DA:39,35
DA:40,35
DA:41,35
DA:42,35
DA:43,35
DA:44,35
DA:45,1
DA:46,1
DA:47,23
DA:48,23
DA:49,23
DA:50,16
DA:51,16
DA:52,16
DA:53,16
DA:54,16
DA:55,16
DA:56,16
DA:57,16
DA:58,23
DA:59,19
DA:60,19
DA:61,19
DA:62,19
DA:63,19
DA:64,19
DA:65,19
DA:66,19
DA:67,19
DA:68,3
DA:69,3
DA:70,3
DA:71,3
DA:72,3
DA:73,3
DA:74,19
DA:75,3
DA:76,3
DA:77,3
DA:78,3
DA:79,3
DA:80,3
DA:81,14
DA:82,13
DA:83,13
DA:84,13
DA:85,13
DA:86,13
DA:87,13
DA:88,13
DA:89,19
DA:90,19
DA:91,19
DA:92,19
DA:93,19
DA:94,19
DA:95,19
DA:96,19
DA:97,19
DA:98,19
DA:99,19
DA:100,19
DA:101,19
DA:102,19
DA:103,19
DA:104,19
DA:105,19
DA:106,19
DA:107,19
DA:108,19
DA:109,19
DA:110,19
DA:111,19
DA:112,19
DA:113,19
DA:114,19
DA:115,19
DA:116,19
DA:117,19
DA:118,19
DA:119,19
DA:120,19
DA:121,19
DA:122,19
DA:123,19
DA:124,19
DA:125,19
DA:126,19
DA:127,19
DA:128,19
DA:129,19
DA:130,19
DA:131,19
DA:132,19
DA:133,19
DA:134,19
DA:135,19
DA:136,19
DA:137,19
DA:138,19
DA:139,19
DA:140,19
DA:141,19
DA:142,19
DA:143,19
DA:144,19
DA:145,19
DA:146,19
DA:147,19
DA:148,19
DA:149,19
DA:150,19
DA:151,19
DA:152,19
DA:153,19
DA:154,19
DA:155,19
DA:156,19
DA:157,19
DA:158,19
DA:159,19
DA:160,19
DA:161,19
DA:162,19
DA:163,19
DA:164,19
DA:165,19
DA:166,19
DA:167,19
DA:168,19
DA:169,19
DA:170,19
DA:171,19
DA:172,19
DA:173,19
DA:174,19
DA:175,19
DA:176,19
DA:177,19
DA:178,19
DA:179,19
DA:180,19
DA:181,19
DA:182,19
DA:183,19
DA:184,19
DA:185,19
DA:186,19
DA:187,19
DA:188,19
DA:189,19
DA:190,19
DA:191,19
DA:192,19
DA:193,19
DA:194,19
DA:195,19
DA:196,19
DA:197,19
DA:198,19
DA:199,19
DA:200,19
DA:201,19
DA:202,23
DA:203,23
DA:204,114
DA:205,114
DA:206,114
DA:207,114
DA:208,114
DA:209,114
DA:210,114
DA:211,114
DA:212,23
DA:213,23
DA:214,133
DA:215,19
DA:216,19
DA:217,133
DA:218,114
DA:219,114
DA:220,114
DA:221,114
DA:222,114
DA:223,133
DA:224,23
DA:225,23
DA:226,19
DA:227,19
DA:228,19
DA:229,19
DA:230,19
DA:231,19
DA:232,19
DA:233,19
DA:234,19
DA:235,23
DA:236,12
DA:237,12
DA:238,7
DA:239,12
DA:240,5
DA:241,5
DA:242,12
DA:243,12
DA:244,2
DA:245,2
DA:246,2
DA:247,2
DA:248,12
DA:249,10
DA:250,10
DA:251,10
DA:252,10
DA:253,10
DA:254,10
DA:255,10
DA:256,10
DA:257,10
DA:258,12
DA:259,23
DA:260,120
DA:261,120
DA:262,120
DA:263,120
DA:264,120
DA:265,120
DA:266,120
DA:267,120
DA:268,125
DA:269,125
DA:270,125
DA:271,120
DA:272,124
DA:273,124
DA:274,120
DA:275,6
DA:276,6
DA:277,5
DA:278,6
DA:279,6
DA:280,6
DA:281,6
DA:282,6
DA:283,2
DA:284,6
DA:285,4
DA:286,4
DA:287,6
DA:288,6
DA:289,1
DA:290,1
DA:291,1
DA:292,1
DA:293,6
DA:294,5
DA:295,5
DA:296,5
DA:297,5
DA:298,5
DA:299,6
DA:300,6
DA:301,6
DA:302,6
DA:303,1
DA:304,1
DA:305,6
DA:306,1
DA:307,1
DA:308,6
DA:309,1
DA:310,1
DA:311,6
DA:312,1
DA:313,1
DA:314,6
DA:315,1
DA:316,1
DA:317,6
DA:318,1
DA:319,1
DA:320,6
DA:321,6
DA:322,120
DA:323,23
DA:324,19
DA:325,19
DA:326,19
DA:327,19
DA:328,19
DA:329,19
DA:330,19
DA:331,19
DA:332,19
DA:333,19
DA:334,19
DA:335,19
DA:336,19
DA:337,19
DA:338,19
DA:339,23
DA:340,23
DA:341,21
DA:342,21
DA:343,21
DA:344,21
DA:345,21
DA:346,21
DA:347,21
DA:348,21
DA:349,21
DA:350,21
DA:351,21
DA:352,21
DA:353,21
DA:354,21
DA:355,1
DA:356,1
DA:357,21
DA:358,20
DA:359,20
DA:360,20
DA:361,21
DA:362,21
DA:363,21
DA:364,21
DA:365,23
DA:366,23
DA:367,23
DA:368,20
DA:369,20
DA:370,20
DA:371,20
DA:372,20
DA:373,20
DA:374,20
DA:375,20
DA:376,20
DA:377,20
DA:378,20
DA:379,23
DA:380,23
DA:381,21
DA:382,21
DA:383,21
DA:384,21
DA:385,21
DA:386,21
DA:387,1
DA:388,1
DA:389,21
DA:390,23
DA:391,23
DA:392,23
DA:393,23
DA:394,23
DA:395,23
DA:396,23
DA:397,23
DA:398,23
DA:399,23
DA:400,23
LF:400
LH:400
BRDA:9,0,0,35
BRDA:46,1,0,23
BRDA:49,2,0,16
BRDA:58,3,0,19
BRDA:65,4,0,7
BRDA:67,5,0,3
BRDA:74,6,0,16
BRDA:74,7,0,4
BRDA:74,8,0,14
BRDA:74,9,0,3
BRDA:81,10,0,13
BRDA:83,11,0,1
BRDA:83,12,0,12
BRDA:203,13,0,114
BRDA:213,14,0,133
BRDA:214,15,0,19
BRDA:217,16,0,114
BRDA:225,17,0,19
BRDA:235,18,0,12
BRDA:237,19,0,7
BRDA:239,20,0,5
BRDA:243,21,0,2
BRDA:248,22,0,10
BRDA:259,23,0,120
BRDA:267,24,0,21
BRDA:267,25,0,125
BRDA:268,26,0,20
BRDA:269,27,0,125
BRDA:271,28,0,105
BRDA:271,29,0,124
BRDA:273,30,0,104
BRDA:274,31,0,6
BRDA:275,32,0,1
BRDA:276,33,0,5
BRDA:282,34,0,2
BRDA:284,35,0,4
BRDA:288,36,0,1
BRDA:293,37,0,5
BRDA:302,38,0,1
BRDA:305,39,0,1
BRDA:308,40,0,1
BRDA:311,41,0,1
BRDA:314,42,0,1
BRDA:317,43,0,1
BRDA:323,44,0,19
BRDA:340,45,0,21
BRDA:354,46,0,1
BRDA:357,47,0,20
BRDA:367,48,0,20
BRDA:380,49,0,21
BRDA:386,50,0,1
BRF:51
BRH:51
end_of_record
TN:
SF:src/lib/utils.lib.ts
FN:1,UtilsLib
FN:2,_safeStringOperation
FN:9,_safeDateOperation
FN:16,_padValue
FNF:4
FNH:4
FNDA:24,UtilsLib
FNDA:4,_safeStringOperation
FNDA:4,_safeDateOperation
FNDA:63,_padValue
DA:1,1
DA:2,24
DA:3,4
DA:4,3
DA:5,3
DA:6,1
DA:7,1
DA:8,4
DA:9,24
DA:10,4
DA:11,3
DA:12,3
DA:13,1
DA:14,1
DA:15,4
DA:16,24
DA:17,63
DA:18,63
DA:19,63
DA:20,63
DA:21,24
DA:22,24
DA:23,24
DA:24,24
DA:25,24
DA:26,24
DA:27,24
LF:27
LH:27
BRDA:1,0,0,24
BRDA:2,1,0,4
BRDA:3,2,0,3
BRDA:5,3,0,1
BRDA:9,4,0,4
BRDA:10,5,0,3
BRDA:12,6,0,1
BRDA:16,7,0,63
BRDA:18,8,0,49
BRF:9
BRH:9
end_of_record
